2022-01-02 12:10:59,707 [Worker-6: Loading available Gradle versions] INFO  o.e.b.c.i.u.g.PublishedGradleVersions - Gradle version information cache is out-of-date. Trying to update.
2022-01-02 12:11:24,923 [Worker-9: Building] INFO  o.e.m.c.i.l.LifecycleMappingFactory - Using NULL lifecycle mapping for MavenProject: NitereWorkShop:NitereWorkShop:1.0.0-SNAPSHOT @ J:\Nitere\WorkShop\pom.xml.
2022-01-02 12:11:26,167 [Worker-17: Updating Maven Dependencies] INFO  o.e.m.c.i.l.LifecycleMappingFactory - Using NULL lifecycle mapping for MavenProject: NitereWorkShop:NitereWorkShop:1.0.0-SNAPSHOT @ J:\Nitere\WorkShop\pom.xml.
2022-01-02 12:27:23,141 [Worker-7: Creating project "workshop"] INFO  o.e.m.c.i.l.LifecycleMappingFactory - Using NULL lifecycle mapping for MavenProject: com.nitere:workshop:1.0.0-SNAPSHOT @ J:\Nitere\workshop\pom.xml.
2022-01-02 12:31:06,969 [Worker-28: Building] INFO  o.e.m.c.i.l.LifecycleMappingFactory - Using NULL lifecycle mapping for MavenProject: com.nitere:workshop:1.0.0-SNAPSHOT @ J:\Nitere\workshop\pom.xml.
2022-01-02 12:32:08,169 [Worker-24: Creating project "workshop-api"] INFO  o.e.m.c.i.l.LifecycleMappingFactory - Using org.eclipse.m2e.jdt.JarLifecycleMapping lifecycle mapping for MavenProject: com.nitere:workshop-api:1.0.0-SNAPSHOT @ J:\Nitere\workshop\workshop-api\pom.xml.
2022-01-02 12:32:09,802 [Worker-24: Creating project "workshop-api"] INFO  o.e.m.j.i.AbstractJavaProjectConfigurator - Adding source folder /workshop-api/src/main/java
2022-01-02 12:32:09,802 [Worker-24: Creating project "workshop-api"] INFO  o.e.m.j.i.AbstractJavaProjectConfigurator - Adding resource folder /workshop-api/src/main/resources
2022-01-02 12:32:09,809 [Worker-24: Creating project "workshop-api"] INFO  o.e.m.j.i.AbstractJavaProjectConfigurator - Adding resource folder /workshop-api/src/main/resources
2022-01-02 12:32:09,815 [Worker-24: Creating project "workshop-api"] INFO  o.e.m.j.i.AbstractJavaProjectConfigurator - Adding source folder /workshop-api/src/test/java
2022-01-02 12:32:09,816 [Worker-24: Creating project "workshop-api"] INFO  o.e.m.j.i.AbstractJavaProjectConfigurator - Adding resource folder /workshop-api/src/test/resources
2022-01-02 12:32:12,353 [Worker-7: Building] INFO  o.e.m.c.i.l.LifecycleMappingFactory - Using org.eclipse.m2e.jdt.JarLifecycleMapping lifecycle mapping for MavenProject: com.nitere:workshop-api:1.0.0-SNAPSHOT @ J:\Nitere\workshop\workshop-api\pom.xml.
2022-01-02 12:32:12,526 [Worker-7: Building] INFO  o.e.m.c.i.l.LifecycleMappingFactory - Using NULL lifecycle mapping for MavenProject: com.nitere:workshop:1.0.0-SNAPSHOT @ J:\Nitere\workshop\pom.xml.
2022-01-02 12:32:13,973 [Worker-28: Building] INFO  o.e.m.c.i.embedder.EclipseLogger - Using 'UTF-8' encoding to copy filtered resources.
2022-01-02 12:32:13,973 [Worker-28: Building] INFO  o.e.m.c.i.embedder.EclipseLogger - Using 'UTF-8' encoding to copy filtered properties files.
2022-01-02 12:32:13,978 [Worker-28: Building] INFO  o.e.m.c.i.embedder.EclipseLogger - Copying 0 resource
2022-01-02 12:32:13,978 [Worker-28: Building] INFO  o.e.m.c.i.embedder.EclipseLogger - Copying 0 resource
2022-01-02 12:32:13,981 [Worker-28: Building] INFO  o.e.m.c.i.embedder.EclipseLogger - Using 'UTF-8' encoding to copy filtered resources.
2022-01-02 12:32:13,981 [Worker-28: Building] INFO  o.e.m.c.i.embedder.EclipseLogger - Using 'UTF-8' encoding to copy filtered properties files.
2022-01-02 12:32:13,982 [Worker-28: Building] INFO  o.e.m.c.i.embedder.EclipseLogger - Copying 0 resource
2022-01-02 12:32:25,484 [Worker-27: Building] INFO  o.e.m.c.i.embedder.EclipseLogger - Using 'UTF-8' encoding to copy filtered resources.
2022-01-02 12:32:25,484 [Worker-27: Building] INFO  o.e.m.c.i.embedder.EclipseLogger - Using 'UTF-8' encoding to copy filtered properties files.
2022-01-02 12:32:25,488 [Worker-27: Building] INFO  o.e.m.c.i.embedder.EclipseLogger - Copying 0 resource
2022-01-02 12:32:25,489 [Worker-27: Building] INFO  o.e.m.c.i.embedder.EclipseLogger - Copying 0 resource
2022-01-02 12:32:25,490 [Worker-27: Building] INFO  o.e.m.c.i.embedder.EclipseLogger - Using 'UTF-8' encoding to copy filtered resources.
2022-01-02 12:32:25,490 [Worker-27: Building] INFO  o.e.m.c.i.embedder.EclipseLogger - Using 'UTF-8' encoding to copy filtered properties files.
2022-01-02 12:32:25,491 [Worker-27: Building] INFO  o.e.m.c.i.embedder.EclipseLogger - Copying 0 resource
2022-01-02 12:32:39,641 [Worker-24: Building] INFO  o.e.m.c.i.embedder.EclipseLogger - Using 'UTF-8' encoding to copy filtered resources.
2022-01-02 12:32:39,641 [Worker-24: Building] INFO  o.e.m.c.i.embedder.EclipseLogger - Using 'UTF-8' encoding to copy filtered properties files.
2022-01-02 12:32:39,642 [Worker-24: Building] INFO  o.e.m.c.i.embedder.EclipseLogger - Copying 0 resource
2022-01-02 12:32:39,642 [Worker-24: Building] INFO  o.e.m.c.i.embedder.EclipseLogger - Copying 0 resource
2022-01-02 12:32:39,644 [Worker-24: Building] INFO  o.e.m.c.i.embedder.EclipseLogger - Using 'UTF-8' encoding to copy filtered resources.
2022-01-02 12:32:39,645 [Worker-24: Building] INFO  o.e.m.c.i.embedder.EclipseLogger - Using 'UTF-8' encoding to copy filtered properties files.
2022-01-02 12:32:39,645 [Worker-24: Building] INFO  o.e.m.c.i.embedder.EclipseLogger - Copying 0 resource
2022-01-02 12:33:30,406 [Worker-7: Building] INFO  o.e.m.c.i.embedder.EclipseLogger - Using 'UTF-8' encoding to copy filtered resources.
2022-01-02 12:33:30,406 [Worker-7: Building] INFO  o.e.m.c.i.embedder.EclipseLogger - Using 'UTF-8' encoding to copy filtered properties files.
2022-01-02 12:33:30,407 [Worker-7: Building] INFO  o.e.m.c.i.embedder.EclipseLogger - Copying 0 resource
2022-01-02 12:33:30,407 [Worker-7: Building] INFO  o.e.m.c.i.embedder.EclipseLogger - Copying 0 resource
2022-01-02 12:33:30,409 [Worker-7: Building] INFO  o.e.m.c.i.embedder.EclipseLogger - Using 'UTF-8' encoding to copy filtered resources.
2022-01-02 12:33:30,409 [Worker-7: Building] INFO  o.e.m.c.i.embedder.EclipseLogger - Using 'UTF-8' encoding to copy filtered properties files.
2022-01-02 12:33:30,409 [Worker-7: Building] INFO  o.e.m.c.i.embedder.EclipseLogger - Copying 0 resource
2022-01-02 12:33:34,951 [Worker-27: Building] INFO  o.e.m.c.i.embedder.EclipseLogger - Using 'UTF-8' encoding to copy filtered resources.
2022-01-02 12:33:34,952 [Worker-27: Building] INFO  o.e.m.c.i.embedder.EclipseLogger - Using 'UTF-8' encoding to copy filtered properties files.
2022-01-02 12:33:34,952 [Worker-27: Building] INFO  o.e.m.c.i.embedder.EclipseLogger - Copying 0 resource
2022-01-02 12:33:34,953 [Worker-27: Building] INFO  o.e.m.c.i.embedder.EclipseLogger - Copying 0 resource
2022-01-02 12:33:34,956 [Worker-27: Building] INFO  o.e.m.c.i.embedder.EclipseLogger - Using 'UTF-8' encoding to copy filtered resources.
2022-01-02 12:33:34,957 [Worker-27: Building] INFO  o.e.m.c.i.embedder.EclipseLogger - Using 'UTF-8' encoding to copy filtered properties files.
2022-01-02 12:33:34,957 [Worker-27: Building] INFO  o.e.m.c.i.embedder.EclipseLogger - Copying 0 resource
2022-01-02 12:33:39,516 [Worker-30: Building] INFO  o.e.m.c.i.embedder.EclipseLogger - Using 'UTF-8' encoding to copy filtered resources.
2022-01-02 12:33:39,517 [Worker-30: Building] INFO  o.e.m.c.i.embedder.EclipseLogger - Using 'UTF-8' encoding to copy filtered properties files.
2022-01-02 12:33:39,517 [Worker-30: Building] INFO  o.e.m.c.i.embedder.EclipseLogger - Copying 0 resource
2022-01-02 12:33:39,518 [Worker-30: Building] INFO  o.e.m.c.i.embedder.EclipseLogger - Copying 0 resource
2022-01-02 12:33:39,520 [Worker-30: Building] INFO  o.e.m.c.i.embedder.EclipseLogger - Using 'UTF-8' encoding to copy filtered resources.
2022-01-02 12:33:39,521 [Worker-30: Building] INFO  o.e.m.c.i.embedder.EclipseLogger - Using 'UTF-8' encoding to copy filtered properties files.
2022-01-02 12:33:39,521 [Worker-30: Building] INFO  o.e.m.c.i.embedder.EclipseLogger - Copying 0 resource
2022-01-02 12:34:15,093 [Worker-24: Creating project "workshop-domain"] INFO  o.e.m.c.i.l.LifecycleMappingFactory - Using org.eclipse.m2e.jdt.JarLifecycleMapping lifecycle mapping for MavenProject: com.nitere:workshop-domain:1.0.0-SNAPSHOT @ J:\Nitere\workshop\workshop-domain\pom.xml.
2022-01-02 12:34:15,443 [Worker-24: Creating project "workshop-domain"] INFO  o.e.m.j.i.AbstractJavaProjectConfigurator - Adding source folder /workshop-domain/src/main/java
2022-01-02 12:34:15,443 [Worker-24: Creating project "workshop-domain"] INFO  o.e.m.j.i.AbstractJavaProjectConfigurator - Adding resource folder /workshop-domain/src/main/resources
2022-01-02 12:34:15,450 [Worker-24: Creating project "workshop-domain"] INFO  o.e.m.j.i.AbstractJavaProjectConfigurator - Adding resource folder /workshop-domain/src/main/resources
2022-01-02 12:34:15,456 [Worker-24: Creating project "workshop-domain"] INFO  o.e.m.j.i.AbstractJavaProjectConfigurator - Adding source folder /workshop-domain/src/test/java
2022-01-02 12:34:15,456 [Worker-24: Creating project "workshop-domain"] INFO  o.e.m.j.i.AbstractJavaProjectConfigurator - Adding resource folder /workshop-domain/src/test/resources
2022-01-02 12:34:17,407 [Worker-29: Building] INFO  o.e.m.c.i.l.LifecycleMappingFactory - Using org.eclipse.m2e.jdt.JarLifecycleMapping lifecycle mapping for MavenProject: com.nitere:workshop-api:1.0.0-SNAPSHOT @ J:\Nitere\workshop\workshop-api\pom.xml.
2022-01-02 12:34:17,869 [Worker-29: Building] INFO  o.e.m.c.i.l.LifecycleMappingFactory - Using org.eclipse.m2e.jdt.JarLifecycleMapping lifecycle mapping for MavenProject: com.nitere:workshop-domain:1.0.0-SNAPSHOT @ J:\Nitere\workshop\workshop-domain\pom.xml.
2022-01-02 12:34:17,895 [Worker-29: Building] INFO  o.e.m.c.i.l.LifecycleMappingFactory - Using NULL lifecycle mapping for MavenProject: com.nitere:workshop:1.0.0-SNAPSHOT @ J:\Nitere\workshop\pom.xml.
2022-01-02 12:34:19,274 [Worker-30: Building] INFO  o.e.m.c.i.embedder.EclipseLogger - Using 'UTF-8' encoding to copy filtered resources.
2022-01-02 12:34:19,275 [Worker-30: Building] INFO  o.e.m.c.i.embedder.EclipseLogger - Using 'UTF-8' encoding to copy filtered properties files.
2022-01-02 12:34:19,278 [Worker-30: Building] INFO  o.e.m.c.i.embedder.EclipseLogger - Copying 0 resource
2022-01-02 12:34:19,278 [Worker-30: Building] INFO  o.e.m.c.i.embedder.EclipseLogger - Copying 0 resource
2022-01-02 12:34:19,281 [Worker-30: Building] INFO  o.e.m.c.i.embedder.EclipseLogger - Using 'UTF-8' encoding to copy filtered resources.
2022-01-02 12:34:19,281 [Worker-30: Building] INFO  o.e.m.c.i.embedder.EclipseLogger - Using 'UTF-8' encoding to copy filtered properties files.
2022-01-02 12:34:19,282 [Worker-30: Building] INFO  o.e.m.c.i.embedder.EclipseLogger - Copying 0 resource
2022-01-02 12:34:19,595 [Worker-30: Building] INFO  o.e.m.c.i.embedder.EclipseLogger - Using 'UTF-8' encoding to copy filtered resources.
2022-01-02 12:34:19,595 [Worker-30: Building] INFO  o.e.m.c.i.embedder.EclipseLogger - Using 'UTF-8' encoding to copy filtered properties files.
2022-01-02 12:34:19,595 [Worker-30: Building] INFO  o.e.m.c.i.embedder.EclipseLogger - Copying 0 resource
2022-01-02 12:34:19,596 [Worker-30: Building] INFO  o.e.m.c.i.embedder.EclipseLogger - Copying 0 resource
2022-01-02 12:34:19,598 [Worker-30: Building] INFO  o.e.m.c.i.embedder.EclipseLogger - Using 'UTF-8' encoding to copy filtered resources.
2022-01-02 12:34:19,598 [Worker-30: Building] INFO  o.e.m.c.i.embedder.EclipseLogger - Using 'UTF-8' encoding to copy filtered properties files.
2022-01-02 12:34:19,598 [Worker-30: Building] INFO  o.e.m.c.i.embedder.EclipseLogger - Copying 0 resource
2022-01-02 12:34:51,071 [Worker-27: Building] INFO  o.e.m.c.i.l.LifecycleMappingFactory - Using org.eclipse.m2e.jdt.JarLifecycleMapping lifecycle mapping for MavenProject: com.nitere:workshop-api:1.0.0-SNAPSHOT @ J:\Nitere\workshop\workshop-api\pom.xml.
2022-01-02 12:34:51,573 [Worker-27: Building] INFO  o.e.m.c.i.l.LifecycleMappingFactory - Using org.eclipse.m2e.jdt.JarLifecycleMapping lifecycle mapping for MavenProject: com.nitere:workshop-domain:1.0.0-SNAPSHOT @ J:\Nitere\workshop\workshop-domain\pom.xml.
2022-01-02 12:34:51,618 [Worker-27: Building] INFO  o.e.m.c.i.l.LifecycleMappingFactory - Using NULL lifecycle mapping for MavenProject: com.nitere:workshop:1.0.0-SNAPSHOT @ J:\Nitere\workshop\pom.xml.
2022-01-02 12:34:51,989 [Worker-27: Building] INFO  o.e.m.c.i.l.LifecycleMappingFactory - Using org.eclipse.m2e.jdt.JarLifecycleMapping lifecycle mapping for MavenProject: com.nitere:workshop-api:1.0.0-SNAPSHOT @ J:\Nitere\workshop\workshop-api\pom.xml.
2022-01-02 12:34:52,379 [Worker-27: Building] INFO  o.e.m.c.i.l.LifecycleMappingFactory - Using org.eclipse.m2e.jdt.JarLifecycleMapping lifecycle mapping for MavenProject: com.nitere:workshop-domain:1.0.0-SNAPSHOT @ J:\Nitere\workshop\workshop-domain\pom.xml.
2022-01-02 12:34:54,636 [Worker-31: Building] INFO  o.e.m.c.i.embedder.EclipseLogger - Using 'UTF-8' encoding to copy filtered resources.
2022-01-02 12:34:54,636 [Worker-31: Building] INFO  o.e.m.c.i.embedder.EclipseLogger - Using 'UTF-8' encoding to copy filtered properties files.
2022-01-02 12:34:54,639 [Worker-31: Building] INFO  o.e.m.c.i.embedder.EclipseLogger - Copying 0 resource
2022-01-02 12:34:54,640 [Worker-31: Building] INFO  o.e.m.c.i.embedder.EclipseLogger - Copying 0 resource
2022-01-02 12:34:54,642 [Worker-31: Building] INFO  o.e.m.c.i.embedder.EclipseLogger - Using 'UTF-8' encoding to copy filtered resources.
2022-01-02 12:34:54,643 [Worker-31: Building] INFO  o.e.m.c.i.embedder.EclipseLogger - Using 'UTF-8' encoding to copy filtered properties files.
2022-01-02 12:34:54,643 [Worker-31: Building] INFO  o.e.m.c.i.embedder.EclipseLogger - Copying 0 resource
2022-01-02 12:34:55,356 [Worker-31: Building] INFO  o.e.m.c.i.embedder.EclipseLogger - Using 'UTF-8' encoding to copy filtered resources.
2022-01-02 12:34:55,357 [Worker-31: Building] INFO  o.e.m.c.i.embedder.EclipseLogger - Using 'UTF-8' encoding to copy filtered properties files.
2022-01-02 12:34:55,357 [Worker-31: Building] INFO  o.e.m.c.i.embedder.EclipseLogger - Copying 0 resource
2022-01-02 12:34:55,358 [Worker-31: Building] INFO  o.e.m.c.i.embedder.EclipseLogger - Copying 0 resource
2022-01-02 12:34:55,359 [Worker-31: Building] INFO  o.e.m.c.i.embedder.EclipseLogger - Using 'UTF-8' encoding to copy filtered resources.
2022-01-02 12:34:55,360 [Worker-31: Building] INFO  o.e.m.c.i.embedder.EclipseLogger - Using 'UTF-8' encoding to copy filtered properties files.
2022-01-02 12:34:55,360 [Worker-31: Building] INFO  o.e.m.c.i.embedder.EclipseLogger - Copying 0 resource
2022-01-02 12:36:04,054 [Worker-30: Creating project "workshop-service"] INFO  o.e.m.c.i.l.LifecycleMappingFactory - Using org.eclipse.m2e.jdt.JarLifecycleMapping lifecycle mapping for MavenProject: com.nitere:workshop-service:1.0.0-SNAPSHOT @ J:\Nitere\workshop\workshop-service\pom.xml.
2022-01-02 12:36:04,630 [Worker-30: Creating project "workshop-service"] INFO  o.e.m.j.i.AbstractJavaProjectConfigurator - Adding source folder /workshop-service/src/main/java
2022-01-02 12:36:04,631 [Worker-30: Creating project "workshop-service"] INFO  o.e.m.j.i.AbstractJavaProjectConfigurator - Adding resource folder /workshop-service/src/main/resources
2022-01-02 12:36:04,637 [Worker-30: Creating project "workshop-service"] INFO  o.e.m.j.i.AbstractJavaProjectConfigurator - Adding resource folder /workshop-service/src/main/resources
2022-01-02 12:36:04,643 [Worker-30: Creating project "workshop-service"] INFO  o.e.m.j.i.AbstractJavaProjectConfigurator - Adding source folder /workshop-service/src/test/java
2022-01-02 12:36:04,644 [Worker-30: Creating project "workshop-service"] INFO  o.e.m.j.i.AbstractJavaProjectConfigurator - Adding resource folder /workshop-service/src/test/resources
2022-01-02 12:36:06,568 [Worker-7: Building] INFO  o.e.m.c.i.l.LifecycleMappingFactory - Using org.eclipse.m2e.jdt.JarLifecycleMapping lifecycle mapping for MavenProject: com.nitere:workshop-api:1.0.0-SNAPSHOT @ J:\Nitere\workshop\workshop-api\pom.xml.
2022-01-02 12:36:07,137 [Worker-7: Building] INFO  o.e.m.c.i.l.LifecycleMappingFactory - Using org.eclipse.m2e.jdt.JarLifecycleMapping lifecycle mapping for MavenProject: com.nitere:workshop-domain:1.0.0-SNAPSHOT @ J:\Nitere\workshop\workshop-domain\pom.xml.
2022-01-02 12:36:07,182 [Worker-7: Building] INFO  o.e.m.c.i.l.LifecycleMappingFactory - Using NULL lifecycle mapping for MavenProject: com.nitere:workshop:1.0.0-SNAPSHOT @ J:\Nitere\workshop\pom.xml.
2022-01-02 12:36:07,629 [Worker-7: Building] INFO  o.e.m.c.i.l.LifecycleMappingFactory - Using org.eclipse.m2e.jdt.JarLifecycleMapping lifecycle mapping for MavenProject: com.nitere:workshop-service:1.0.0-SNAPSHOT @ J:\Nitere\workshop\workshop-service\pom.xml.
2022-01-02 12:36:10,329 [Worker-27: Building] INFO  o.e.m.c.i.embedder.EclipseLogger - Using 'UTF-8' encoding to copy filtered resources.
2022-01-02 12:36:10,329 [Worker-27: Building] INFO  o.e.m.c.i.embedder.EclipseLogger - Using 'UTF-8' encoding to copy filtered properties files.
2022-01-02 12:36:10,331 [Worker-27: Building] INFO  o.e.m.c.i.embedder.EclipseLogger - Copying 0 resource
2022-01-02 12:36:10,332 [Worker-27: Building] INFO  o.e.m.c.i.embedder.EclipseLogger - Copying 0 resource
2022-01-02 12:36:10,334 [Worker-27: Building] INFO  o.e.m.c.i.embedder.EclipseLogger - Using 'UTF-8' encoding to copy filtered resources.
2022-01-02 12:36:10,334 [Worker-27: Building] INFO  o.e.m.c.i.embedder.EclipseLogger - Using 'UTF-8' encoding to copy filtered properties files.
2022-01-02 12:36:10,335 [Worker-27: Building] INFO  o.e.m.c.i.embedder.EclipseLogger - Copying 0 resource
2022-01-02 12:36:10,756 [Worker-27: Building] INFO  o.e.m.c.i.embedder.EclipseLogger - Using 'UTF-8' encoding to copy filtered resources.
2022-01-02 12:36:10,756 [Worker-27: Building] INFO  o.e.m.c.i.embedder.EclipseLogger - Using 'UTF-8' encoding to copy filtered properties files.
2022-01-02 12:36:10,756 [Worker-27: Building] INFO  o.e.m.c.i.embedder.EclipseLogger - Copying 0 resource
2022-01-02 12:36:10,756 [Worker-27: Building] INFO  o.e.m.c.i.embedder.EclipseLogger - Copying 0 resource
2022-01-02 12:36:10,757 [Worker-27: Building] INFO  o.e.m.c.i.embedder.EclipseLogger - Using 'UTF-8' encoding to copy filtered resources.
2022-01-02 12:36:10,758 [Worker-27: Building] INFO  o.e.m.c.i.embedder.EclipseLogger - Using 'UTF-8' encoding to copy filtered properties files.
2022-01-02 12:36:10,758 [Worker-27: Building] INFO  o.e.m.c.i.embedder.EclipseLogger - Copying 0 resource
2022-01-02 12:36:11,142 [Worker-27: Building] INFO  o.e.m.c.i.embedder.EclipseLogger - Using 'UTF-8' encoding to copy filtered resources.
2022-01-02 12:36:11,142 [Worker-27: Building] INFO  o.e.m.c.i.embedder.EclipseLogger - Using 'UTF-8' encoding to copy filtered properties files.
2022-01-02 12:36:11,142 [Worker-27: Building] INFO  o.e.m.c.i.embedder.EclipseLogger - Copying 0 resource
2022-01-02 12:36:11,142 [Worker-27: Building] INFO  o.e.m.c.i.embedder.EclipseLogger - Copying 0 resource
2022-01-02 12:36:11,144 [Worker-27: Building] INFO  o.e.m.c.i.embedder.EclipseLogger - Using 'UTF-8' encoding to copy filtered resources.
2022-01-02 12:36:11,144 [Worker-27: Building] INFO  o.e.m.c.i.embedder.EclipseLogger - Using 'UTF-8' encoding to copy filtered properties files.
2022-01-02 12:36:11,144 [Worker-27: Building] INFO  o.e.m.c.i.embedder.EclipseLogger - Copying 0 resource
2022-01-02 12:36:32,059 [Worker-30: Creating project "workshop-model"] INFO  o.e.m.c.i.l.LifecycleMappingFactory - Using org.eclipse.m2e.jdt.JarLifecycleMapping lifecycle mapping for MavenProject: com.nitere:workshop-model:1.0.0-SNAPSHOT @ J:\Nitere\workshop\workshop-model\pom.xml.
2022-01-02 12:36:32,630 [Worker-30: Creating project "workshop-model"] INFO  o.e.m.j.i.AbstractJavaProjectConfigurator - Adding source folder /workshop-model/src/main/java
2022-01-02 12:36:32,630 [Worker-30: Creating project "workshop-model"] INFO  o.e.m.j.i.AbstractJavaProjectConfigurator - Adding resource folder /workshop-model/src/main/resources
2022-01-02 12:36:32,637 [Worker-30: Creating project "workshop-model"] INFO  o.e.m.j.i.AbstractJavaProjectConfigurator - Adding resource folder /workshop-model/src/main/resources
2022-01-02 12:36:32,643 [Worker-30: Creating project "workshop-model"] INFO  o.e.m.j.i.AbstractJavaProjectConfigurator - Adding source folder /workshop-model/src/test/java
2022-01-02 12:36:32,643 [Worker-30: Creating project "workshop-model"] INFO  o.e.m.j.i.AbstractJavaProjectConfigurator - Adding resource folder /workshop-model/src/test/resources
2022-01-02 12:36:34,435 [Worker-28: Building] INFO  o.e.m.c.i.embedder.EclipseLogger - Using 'UTF-8' encoding to copy filtered resources.
2022-01-02 12:36:34,436 [Worker-28: Building] INFO  o.e.m.c.i.embedder.EclipseLogger - Using 'UTF-8' encoding to copy filtered properties files.
2022-01-02 12:36:34,436 [Worker-28: Building] INFO  o.e.m.c.i.embedder.EclipseLogger - Copying 0 resource
2022-01-02 12:36:34,436 [Worker-28: Building] INFO  o.e.m.c.i.embedder.EclipseLogger - Copying 0 resource
2022-01-02 12:36:34,438 [Worker-28: Building] INFO  o.e.m.c.i.embedder.EclipseLogger - Using 'UTF-8' encoding to copy filtered resources.
2022-01-02 12:36:34,438 [Worker-28: Building] INFO  o.e.m.c.i.embedder.EclipseLogger - Using 'UTF-8' encoding to copy filtered properties files.
2022-01-02 12:36:34,438 [Worker-28: Building] INFO  o.e.m.c.i.embedder.EclipseLogger - Copying 0 resource
2022-01-02 12:37:24,357 [Worker-29: Building] INFO  o.e.m.c.i.l.LifecycleMappingFactory - Using org.eclipse.m2e.jdt.JarLifecycleMapping lifecycle mapping for MavenProject: com.nitere:workshop-model:1.0.0-SNAPSHOT @ J:\Nitere\workshop\workshop-model\pom.xml.
2022-01-02 12:37:24,817 [Worker-29: Building] INFO  o.e.m.c.i.l.LifecycleMappingFactory - Using org.eclipse.m2e.jdt.JarLifecycleMapping lifecycle mapping for MavenProject: com.nitere:workshop-api:1.0.0-SNAPSHOT @ J:\Nitere\workshop\workshop-api\pom.xml.
2022-01-02 12:37:25,155 [Worker-29: Building] INFO  o.e.m.c.i.l.LifecycleMappingFactory - Using org.eclipse.m2e.jdt.JarLifecycleMapping lifecycle mapping for MavenProject: com.nitere:workshop-domain:1.0.0-SNAPSHOT @ J:\Nitere\workshop\workshop-domain\pom.xml.
2022-01-02 12:37:25,197 [Worker-29: Building] INFO  o.e.m.c.i.l.LifecycleMappingFactory - Using NULL lifecycle mapping for MavenProject: com.nitere:workshop:1.0.0-SNAPSHOT @ J:\Nitere\workshop\pom.xml.
2022-01-02 12:37:25,535 [Worker-29: Building] INFO  o.e.m.c.i.l.LifecycleMappingFactory - Using org.eclipse.m2e.jdt.JarLifecycleMapping lifecycle mapping for MavenProject: com.nitere:workshop-service:1.0.0-SNAPSHOT @ J:\Nitere\workshop\workshop-service\pom.xml.
2022-01-02 12:37:28,565 [Worker-31: Building] INFO  o.e.m.c.i.l.LifecycleMappingFactory - Using org.eclipse.m2e.jdt.JarLifecycleMapping lifecycle mapping for MavenProject: com.nitere:workshop-model:1.0.0-SNAPSHOT @ J:\Nitere\workshop\workshop-model\pom.xml.
2022-01-02 12:37:29,107 [Worker-31: Building] INFO  o.e.m.c.i.l.LifecycleMappingFactory - Using org.eclipse.m2e.jdt.JarLifecycleMapping lifecycle mapping for MavenProject: com.nitere:workshop-api:1.0.0-SNAPSHOT @ J:\Nitere\workshop\workshop-api\pom.xml.
2022-01-02 12:37:29,452 [Worker-31: Building] INFO  o.e.m.c.i.l.LifecycleMappingFactory - Using org.eclipse.m2e.jdt.JarLifecycleMapping lifecycle mapping for MavenProject: com.nitere:workshop-domain:1.0.0-SNAPSHOT @ J:\Nitere\workshop\workshop-domain\pom.xml.
2022-01-02 12:37:29,523 [Worker-31: Building] INFO  o.e.m.c.i.l.LifecycleMappingFactory - Using NULL lifecycle mapping for MavenProject: com.nitere:workshop:1.0.0-SNAPSHOT @ J:\Nitere\workshop\pom.xml.
2022-01-02 12:37:29,906 [Worker-31: Building] INFO  o.e.m.c.i.l.LifecycleMappingFactory - Using org.eclipse.m2e.jdt.JarLifecycleMapping lifecycle mapping for MavenProject: com.nitere:workshop-service:1.0.0-SNAPSHOT @ J:\Nitere\workshop\workshop-service\pom.xml.
2022-01-02 12:37:30,248 [Worker-31: Building] INFO  o.e.m.c.i.l.LifecycleMappingFactory - Using org.eclipse.m2e.jdt.JarLifecycleMapping lifecycle mapping for MavenProject: com.nitere:workshop-model:1.0.0-SNAPSHOT @ J:\Nitere\workshop\workshop-model\pom.xml.
2022-01-02 12:37:30,591 [Worker-31: Building] INFO  o.e.m.c.i.l.LifecycleMappingFactory - Using org.eclipse.m2e.jdt.JarLifecycleMapping lifecycle mapping for MavenProject: com.nitere:workshop-api:1.0.0-SNAPSHOT @ J:\Nitere\workshop\workshop-api\pom.xml.
2022-01-02 12:37:30,936 [Worker-31: Building] INFO  o.e.m.c.i.l.LifecycleMappingFactory - Using org.eclipse.m2e.jdt.JarLifecycleMapping lifecycle mapping for MavenProject: com.nitere:workshop-domain:1.0.0-SNAPSHOT @ J:\Nitere\workshop\workshop-domain\pom.xml.
2022-01-02 12:37:35,154 [Worker-28: Building] INFO  o.e.m.c.i.embedder.EclipseLogger - Using 'UTF-8' encoding to copy filtered resources.
2022-01-02 12:37:35,154 [Worker-28: Building] INFO  o.e.m.c.i.embedder.EclipseLogger - Using 'UTF-8' encoding to copy filtered properties files.
2022-01-02 12:37:35,157 [Worker-28: Building] INFO  o.e.m.c.i.embedder.EclipseLogger - Copying 0 resource
2022-01-02 12:37:35,158 [Worker-28: Building] INFO  o.e.m.c.i.embedder.EclipseLogger - Copying 0 resource
2022-01-02 12:37:35,161 [Worker-28: Building] INFO  o.e.m.c.i.embedder.EclipseLogger - Using 'UTF-8' encoding to copy filtered resources.
2022-01-02 12:37:35,161 [Worker-28: Building] INFO  o.e.m.c.i.embedder.EclipseLogger - Using 'UTF-8' encoding to copy filtered properties files.
2022-01-02 12:37:35,161 [Worker-28: Building] INFO  o.e.m.c.i.embedder.EclipseLogger - Copying 0 resource
2022-01-02 12:37:36,151 [Worker-28: Building] INFO  o.e.m.c.i.embedder.EclipseLogger - Using 'UTF-8' encoding to copy filtered resources.
2022-01-02 12:37:36,151 [Worker-28: Building] INFO  o.e.m.c.i.embedder.EclipseLogger - Using 'UTF-8' encoding to copy filtered properties files.
2022-01-02 12:37:36,151 [Worker-28: Building] INFO  o.e.m.c.i.embedder.EclipseLogger - Copying 0 resource
2022-01-02 12:37:36,152 [Worker-28: Building] INFO  o.e.m.c.i.embedder.EclipseLogger - Copying 0 resource
2022-01-02 12:37:36,153 [Worker-28: Building] INFO  o.e.m.c.i.embedder.EclipseLogger - Using 'UTF-8' encoding to copy filtered resources.
2022-01-02 12:37:36,153 [Worker-28: Building] INFO  o.e.m.c.i.embedder.EclipseLogger - Using 'UTF-8' encoding to copy filtered properties files.
2022-01-02 12:37:36,154 [Worker-28: Building] INFO  o.e.m.c.i.embedder.EclipseLogger - Copying 0 resource
2022-01-02 12:37:37,545 [Worker-29: Building] INFO  o.e.m.c.i.embedder.EclipseLogger - Using 'UTF-8' encoding to copy filtered resources.
2022-01-02 12:37:37,545 [Worker-29: Building] INFO  o.e.m.c.i.embedder.EclipseLogger - Using 'UTF-8' encoding to copy filtered properties files.
2022-01-02 12:37:37,546 [Worker-29: Building] INFO  o.e.m.c.i.embedder.EclipseLogger - Copying 0 resource
2022-01-02 12:37:37,546 [Worker-29: Building] INFO  o.e.m.c.i.embedder.EclipseLogger - Copying 0 resource
2022-01-02 12:37:37,548 [Worker-29: Building] INFO  o.e.m.c.i.embedder.EclipseLogger - Using 'UTF-8' encoding to copy filtered resources.
2022-01-02 12:37:37,548 [Worker-29: Building] INFO  o.e.m.c.i.embedder.EclipseLogger - Using 'UTF-8' encoding to copy filtered properties files.
2022-01-02 12:37:37,548 [Worker-29: Building] INFO  o.e.m.c.i.embedder.EclipseLogger - Copying 0 resource
2022-01-02 12:37:38,205 [Worker-29: Building] INFO  o.e.m.c.i.embedder.EclipseLogger - Using 'UTF-8' encoding to copy filtered resources.
2022-01-02 12:37:38,205 [Worker-29: Building] INFO  o.e.m.c.i.embedder.EclipseLogger - Using 'UTF-8' encoding to copy filtered properties files.
2022-01-02 12:37:38,206 [Worker-29: Building] INFO  o.e.m.c.i.embedder.EclipseLogger - Copying 0 resource
2022-01-02 12:37:38,207 [Worker-29: Building] INFO  o.e.m.c.i.embedder.EclipseLogger - Copying 0 resource
2022-01-02 12:37:38,208 [Worker-29: Building] INFO  o.e.m.c.i.embedder.EclipseLogger - Using 'UTF-8' encoding to copy filtered resources.
2022-01-02 12:37:38,208 [Worker-29: Building] INFO  o.e.m.c.i.embedder.EclipseLogger - Using 'UTF-8' encoding to copy filtered properties files.
2022-01-02 12:37:38,209 [Worker-29: Building] INFO  o.e.m.c.i.embedder.EclipseLogger - Copying 0 resource
2022-01-02 12:38:38,043 [Worker-24: Validation] INFO  o.e.m.c.i.embedder.EclipseLogger - Using 'UTF-8' encoding to copy filtered resources.
2022-01-02 12:38:38,043 [Worker-24: Validation] INFO  o.e.m.c.i.embedder.EclipseLogger - Using 'UTF-8' encoding to copy filtered properties files.
2022-01-02 12:38:38,043 [Worker-24: Validation] INFO  o.e.m.c.i.embedder.EclipseLogger - Copying 0 resource
2022-01-02 12:38:38,044 [Worker-24: Validation] INFO  o.e.m.c.i.embedder.EclipseLogger - Copying 0 resource
2022-01-02 12:38:38,046 [Worker-24: Validation] INFO  o.e.m.c.i.embedder.EclipseLogger - Using 'UTF-8' encoding to copy filtered resources.
2022-01-02 12:38:38,046 [Worker-24: Validation] INFO  o.e.m.c.i.embedder.EclipseLogger - Using 'UTF-8' encoding to copy filtered properties files.
2022-01-02 12:38:38,046 [Worker-24: Validation] INFO  o.e.m.c.i.embedder.EclipseLogger - Copying 0 resource
2022-01-02 12:38:38,103 [Worker-24: Validation] INFO  o.e.m.c.i.embedder.EclipseLogger - Using 'UTF-8' encoding to copy filtered resources.
2022-01-02 12:38:38,103 [Worker-24: Validation] INFO  o.e.m.c.i.embedder.EclipseLogger - Using 'UTF-8' encoding to copy filtered properties files.
2022-01-02 12:38:38,104 [Worker-24: Validation] INFO  o.e.m.c.i.embedder.EclipseLogger - Copying 0 resource
2022-01-02 12:38:38,104 [Worker-24: Validation] INFO  o.e.m.c.i.embedder.EclipseLogger - Copying 0 resource
2022-01-02 12:38:38,105 [Worker-24: Validation] INFO  o.e.m.c.i.embedder.EclipseLogger - Using 'UTF-8' encoding to copy filtered resources.
2022-01-02 12:38:38,105 [Worker-24: Validation] INFO  o.e.m.c.i.embedder.EclipseLogger - Using 'UTF-8' encoding to copy filtered properties files.
2022-01-02 12:38:38,105 [Worker-24: Validation] INFO  o.e.m.c.i.embedder.EclipseLogger - Copying 0 resource
2022-01-02 12:38:38,160 [Worker-24: Validation] INFO  o.e.m.c.i.embedder.EclipseLogger - Using 'UTF-8' encoding to copy filtered resources.
2022-01-02 12:38:38,160 [Worker-24: Validation] INFO  o.e.m.c.i.embedder.EclipseLogger - Using 'UTF-8' encoding to copy filtered properties files.
2022-01-02 12:38:38,160 [Worker-24: Validation] INFO  o.e.m.c.i.embedder.EclipseLogger - Copying 0 resource
2022-01-02 12:38:38,161 [Worker-24: Validation] INFO  o.e.m.c.i.embedder.EclipseLogger - Copying 0 resource
2022-01-02 12:38:38,162 [Worker-24: Validation] INFO  o.e.m.c.i.embedder.EclipseLogger - Using 'UTF-8' encoding to copy filtered resources.
2022-01-02 12:38:38,162 [Worker-24: Validation] INFO  o.e.m.c.i.embedder.EclipseLogger - Using 'UTF-8' encoding to copy filtered properties files.
2022-01-02 12:38:38,162 [Worker-24: Validation] INFO  o.e.m.c.i.embedder.EclipseLogger - Copying 0 resource
2022-01-02 12:38:38,216 [Worker-24: Validation] INFO  o.e.m.c.i.embedder.EclipseLogger - Using 'UTF-8' encoding to copy filtered resources.
2022-01-02 12:38:38,216 [Worker-24: Validation] INFO  o.e.m.c.i.embedder.EclipseLogger - Using 'UTF-8' encoding to copy filtered properties files.
2022-01-02 12:38:38,216 [Worker-24: Validation] INFO  o.e.m.c.i.embedder.EclipseLogger - Copying 0 resource
2022-01-02 12:38:38,216 [Worker-24: Validation] INFO  o.e.m.c.i.embedder.EclipseLogger - Copying 0 resource
2022-01-02 12:38:38,218 [Worker-24: Validation] INFO  o.e.m.c.i.embedder.EclipseLogger - Using 'UTF-8' encoding to copy filtered resources.
2022-01-02 12:38:38,218 [Worker-24: Validation] INFO  o.e.m.c.i.embedder.EclipseLogger - Using 'UTF-8' encoding to copy filtered properties files.
2022-01-02 12:38:38,218 [Worker-24: Validation] INFO  o.e.m.c.i.embedder.EclipseLogger - Copying 0 resource
2022-01-02 12:38:43,086 [Worker-30: Validation] INFO  o.e.m.c.i.embedder.EclipseLogger - Using 'UTF-8' encoding to copy filtered resources.
2022-01-02 12:38:43,086 [Worker-30: Validation] INFO  o.e.m.c.i.embedder.EclipseLogger - Using 'UTF-8' encoding to copy filtered properties files.
2022-01-02 12:38:43,086 [Worker-30: Validation] INFO  o.e.m.c.i.embedder.EclipseLogger - Copying 0 resource
2022-01-02 12:38:43,087 [Worker-30: Validation] INFO  o.e.m.c.i.embedder.EclipseLogger - Copying 0 resource
2022-01-02 12:38:43,088 [Worker-30: Validation] INFO  o.e.m.c.i.embedder.EclipseLogger - Using 'UTF-8' encoding to copy filtered resources.
2022-01-02 12:38:43,088 [Worker-30: Validation] INFO  o.e.m.c.i.embedder.EclipseLogger - Using 'UTF-8' encoding to copy filtered properties files.
2022-01-02 12:38:43,089 [Worker-30: Validation] INFO  o.e.m.c.i.embedder.EclipseLogger - Copying 0 resource
2022-01-02 12:38:43,150 [Worker-30: Validation] INFO  o.e.m.c.i.embedder.EclipseLogger - Using 'UTF-8' encoding to copy filtered resources.
2022-01-02 12:38:43,150 [Worker-30: Validation] INFO  o.e.m.c.i.embedder.EclipseLogger - Using 'UTF-8' encoding to copy filtered properties files.
2022-01-02 12:38:43,150 [Worker-30: Validation] INFO  o.e.m.c.i.embedder.EclipseLogger - Copying 0 resource
2022-01-02 12:38:43,150 [Worker-30: Validation] INFO  o.e.m.c.i.embedder.EclipseLogger - Copying 0 resource
2022-01-02 12:38:43,153 [Worker-30: Validation] INFO  o.e.m.c.i.embedder.EclipseLogger - Using 'UTF-8' encoding to copy filtered resources.
2022-01-02 12:38:43,153 [Worker-30: Validation] INFO  o.e.m.c.i.embedder.EclipseLogger - Using 'UTF-8' encoding to copy filtered properties files.
2022-01-02 12:38:43,153 [Worker-30: Validation] INFO  o.e.m.c.i.embedder.EclipseLogger - Copying 0 resource
2022-01-02 12:38:43,224 [Worker-30: Validation] INFO  o.e.m.c.i.embedder.EclipseLogger - Using 'UTF-8' encoding to copy filtered resources.
2022-01-02 12:38:43,224 [Worker-30: Validation] INFO  o.e.m.c.i.embedder.EclipseLogger - Using 'UTF-8' encoding to copy filtered properties files.
2022-01-02 12:38:43,224 [Worker-30: Validation] INFO  o.e.m.c.i.embedder.EclipseLogger - Copying 0 resource
2022-01-02 12:38:43,224 [Worker-30: Validation] INFO  o.e.m.c.i.embedder.EclipseLogger - Copying 0 resource
2022-01-02 12:38:43,226 [Worker-30: Validation] INFO  o.e.m.c.i.embedder.EclipseLogger - Using 'UTF-8' encoding to copy filtered resources.
2022-01-02 12:38:43,226 [Worker-30: Validation] INFO  o.e.m.c.i.embedder.EclipseLogger - Using 'UTF-8' encoding to copy filtered properties files.
2022-01-02 12:38:43,226 [Worker-30: Validation] INFO  o.e.m.c.i.embedder.EclipseLogger - Copying 0 resource
2022-01-02 12:38:43,280 [Worker-30: Validation] INFO  o.e.m.c.i.embedder.EclipseLogger - Using 'UTF-8' encoding to copy filtered resources.
2022-01-02 12:38:43,280 [Worker-30: Validation] INFO  o.e.m.c.i.embedder.EclipseLogger - Using 'UTF-8' encoding to copy filtered properties files.
2022-01-02 12:38:43,280 [Worker-30: Validation] INFO  o.e.m.c.i.embedder.EclipseLogger - Copying 0 resource
2022-01-02 12:38:43,280 [Worker-30: Validation] INFO  o.e.m.c.i.embedder.EclipseLogger - Copying 0 resource
2022-01-02 12:38:43,281 [Worker-30: Validation] INFO  o.e.m.c.i.embedder.EclipseLogger - Using 'UTF-8' encoding to copy filtered resources.
2022-01-02 12:38:43,281 [Worker-30: Validation] INFO  o.e.m.c.i.embedder.EclipseLogger - Using 'UTF-8' encoding to copy filtered properties files.
2022-01-02 12:38:43,282 [Worker-30: Validation] INFO  o.e.m.c.i.embedder.EclipseLogger - Copying 0 resource
2022-01-02 12:41:25,303 [Worker-31: Building] INFO  o.e.m.c.i.embedder.EclipseLogger - Using 'UTF-8' encoding to copy filtered resources.
2022-01-02 12:41:25,303 [Worker-31: Building] INFO  o.e.m.c.i.embedder.EclipseLogger - Using 'UTF-8' encoding to copy filtered properties files.
2022-01-02 12:41:25,305 [Worker-31: Building] INFO  o.e.m.c.i.embedder.EclipseLogger - Copying 2 resources
2022-01-02 12:41:25,327 [Worker-31: Building] INFO  o.e.m.c.i.embedder.EclipseLogger - Copying 0 resource
2022-01-02 12:41:25,329 [Worker-31: Building] INFO  o.e.m.c.i.embedder.EclipseLogger - Using 'UTF-8' encoding to copy filtered resources.
2022-01-02 12:41:25,329 [Worker-31: Building] INFO  o.e.m.c.i.embedder.EclipseLogger - Using 'UTF-8' encoding to copy filtered properties files.
2022-01-02 12:41:25,329 [Worker-31: Building] INFO  o.e.m.c.i.embedder.EclipseLogger - Copying 0 resource
2022-01-02 12:41:43,358 [Worker-27: Building] INFO  o.e.m.c.i.embedder.EclipseLogger - Using 'UTF-8' encoding to copy filtered resources.
2022-01-02 12:41:43,358 [Worker-27: Building] INFO  o.e.m.c.i.embedder.EclipseLogger - Using 'UTF-8' encoding to copy filtered properties files.
2022-01-02 12:41:43,359 [Worker-27: Building] INFO  o.e.m.c.i.embedder.EclipseLogger - Copying 0 resource
2022-01-02 12:41:43,359 [Worker-27: Building] INFO  o.e.m.c.i.embedder.EclipseLogger - Copying 0 resource
2022-01-02 12:41:43,360 [Worker-27: Building] INFO  o.e.m.c.i.embedder.EclipseLogger - Using 'UTF-8' encoding to copy filtered resources.
2022-01-02 12:41:43,360 [Worker-27: Building] INFO  o.e.m.c.i.embedder.EclipseLogger - Using 'UTF-8' encoding to copy filtered properties files.
2022-01-02 12:41:43,361 [Worker-27: Building] INFO  o.e.m.c.i.embedder.EclipseLogger - Copying 0 resource
2022-01-02 12:41:52,261 [Worker-7: Building] INFO  o.e.m.c.i.embedder.EclipseLogger - Using 'UTF-8' encoding to copy filtered resources.
2022-01-02 12:41:52,261 [Worker-7: Building] INFO  o.e.m.c.i.embedder.EclipseLogger - Using 'UTF-8' encoding to copy filtered properties files.
2022-01-02 12:41:52,261 [Worker-7: Building] INFO  o.e.m.c.i.embedder.EclipseLogger - Copying 1 resource
2022-01-02 12:41:52,277 [Worker-7: Building] INFO  o.e.m.c.i.embedder.EclipseLogger - Copying 0 resource
2022-01-02 12:41:52,280 [Worker-7: Building] INFO  o.e.m.c.i.embedder.EclipseLogger - Using 'UTF-8' encoding to copy filtered resources.
2022-01-02 12:41:52,281 [Worker-7: Building] INFO  o.e.m.c.i.embedder.EclipseLogger - Using 'UTF-8' encoding to copy filtered properties files.
2022-01-02 12:41:52,281 [Worker-7: Building] INFO  o.e.m.c.i.embedder.EclipseLogger - Copying 0 resource
2022-01-02 12:43:12,875 [Worker-31: Building] INFO  o.e.m.c.i.embedder.EclipseLogger - Using 'UTF-8' encoding to copy filtered resources.
2022-01-02 12:43:12,875 [Worker-31: Building] INFO  o.e.m.c.i.embedder.EclipseLogger - Using 'UTF-8' encoding to copy filtered properties files.
2022-01-02 12:43:12,875 [Worker-31: Building] INFO  o.e.m.c.i.embedder.EclipseLogger - Copying 1 resource
2022-01-02 12:43:12,884 [Worker-31: Building] INFO  o.e.m.c.i.embedder.EclipseLogger - Copying 0 resource
2022-01-02 12:43:12,886 [Worker-31: Building] INFO  o.e.m.c.i.embedder.EclipseLogger - Using 'UTF-8' encoding to copy filtered resources.
2022-01-02 12:43:12,886 [Worker-31: Building] INFO  o.e.m.c.i.embedder.EclipseLogger - Using 'UTF-8' encoding to copy filtered properties files.
2022-01-02 12:43:12,886 [Worker-31: Building] INFO  o.e.m.c.i.embedder.EclipseLogger - Copying 0 resource
2022-01-02 12:44:26,477 [Worker-27: Building] INFO  o.e.m.c.i.embedder.EclipseLogger - Using 'UTF-8' encoding to copy filtered resources.
2022-01-02 12:44:26,477 [Worker-27: Building] INFO  o.e.m.c.i.embedder.EclipseLogger - Using 'UTF-8' encoding to copy filtered properties files.
2022-01-02 12:44:26,479 [Worker-27: Building] INFO  o.e.m.c.i.embedder.EclipseLogger - Copying 2 resources
2022-01-02 12:44:26,485 [Worker-27: Building] INFO  o.e.m.c.i.embedder.EclipseLogger - Copying 0 resource
2022-01-02 12:44:26,487 [Worker-27: Building] INFO  o.e.m.c.i.embedder.EclipseLogger - Using 'UTF-8' encoding to copy filtered resources.
2022-01-02 12:44:26,487 [Worker-27: Building] INFO  o.e.m.c.i.embedder.EclipseLogger - Using 'UTF-8' encoding to copy filtered properties files.
2022-01-02 12:44:26,487 [Worker-27: Building] INFO  o.e.m.c.i.embedder.EclipseLogger - Copying 0 resource
2022-01-02 12:44:46,113 [Worker-31: Building] INFO  o.e.m.c.i.embedder.EclipseLogger - Using 'UTF-8' encoding to copy filtered resources.
2022-01-02 12:44:46,113 [Worker-31: Building] INFO  o.e.m.c.i.embedder.EclipseLogger - Using 'UTF-8' encoding to copy filtered properties files.
2022-01-02 12:44:46,114 [Worker-31: Building] INFO  o.e.m.c.i.embedder.EclipseLogger - Copying 1 resource
2022-01-02 12:44:46,122 [Worker-31: Building] INFO  o.e.m.c.i.embedder.EclipseLogger - Copying 0 resource
2022-01-02 12:44:46,124 [Worker-31: Building] INFO  o.e.m.c.i.embedder.EclipseLogger - Using 'UTF-8' encoding to copy filtered resources.
2022-01-02 12:44:46,124 [Worker-31: Building] INFO  o.e.m.c.i.embedder.EclipseLogger - Using 'UTF-8' encoding to copy filtered properties files.
2022-01-02 12:44:46,124 [Worker-31: Building] INFO  o.e.m.c.i.embedder.EclipseLogger - Copying 0 resource
2022-01-02 12:45:12,973 [Worker-31: Building] INFO  o.e.m.c.i.embedder.EclipseLogger - Using 'UTF-8' encoding to copy filtered resources.
2022-01-02 12:45:12,973 [Worker-31: Building] INFO  o.e.m.c.i.embedder.EclipseLogger - Using 'UTF-8' encoding to copy filtered properties files.
2022-01-02 12:45:12,974 [Worker-31: Building] INFO  o.e.m.c.i.embedder.EclipseLogger - Copying 1 resource
2022-01-02 12:45:12,983 [Worker-31: Building] INFO  o.e.m.c.i.embedder.EclipseLogger - Copying 0 resource
2022-01-02 12:45:12,984 [Worker-31: Building] INFO  o.e.m.c.i.embedder.EclipseLogger - Using 'UTF-8' encoding to copy filtered resources.
2022-01-02 12:45:12,984 [Worker-31: Building] INFO  o.e.m.c.i.embedder.EclipseLogger - Using 'UTF-8' encoding to copy filtered properties files.
2022-01-02 12:45:12,985 [Worker-31: Building] INFO  o.e.m.c.i.embedder.EclipseLogger - Copying 0 resource
2022-01-02 12:45:59,616 [Worker-31: Building] INFO  o.e.m.c.i.embedder.EclipseLogger - Using 'UTF-8' encoding to copy filtered resources.
2022-01-02 12:45:59,616 [Worker-31: Building] INFO  o.e.m.c.i.embedder.EclipseLogger - Using 'UTF-8' encoding to copy filtered properties files.
2022-01-02 12:45:59,617 [Worker-31: Building] INFO  o.e.m.c.i.embedder.EclipseLogger - Copying 2 resources
2022-01-02 12:45:59,633 [Worker-31: Building] INFO  o.e.m.c.i.embedder.EclipseLogger - Copying 0 resource
2022-01-02 12:45:59,636 [Worker-31: Building] INFO  o.e.m.c.i.embedder.EclipseLogger - Using 'UTF-8' encoding to copy filtered resources.
2022-01-02 12:45:59,636 [Worker-31: Building] INFO  o.e.m.c.i.embedder.EclipseLogger - Using 'UTF-8' encoding to copy filtered properties files.
2022-01-02 12:45:59,636 [Worker-31: Building] INFO  o.e.m.c.i.embedder.EclipseLogger - Copying 0 resource
2022-01-02 12:47:52,812 [Worker-7: Building] INFO  o.e.m.c.i.embedder.EclipseLogger - Using 'UTF-8' encoding to copy filtered resources.
2022-01-02 12:47:52,812 [Worker-7: Building] INFO  o.e.m.c.i.embedder.EclipseLogger - Using 'UTF-8' encoding to copy filtered properties files.
2022-01-02 12:47:52,813 [Worker-7: Building] INFO  o.e.m.c.i.embedder.EclipseLogger - Copying 1 resource
2022-01-02 12:47:52,841 [Worker-7: Building] INFO  o.e.m.c.i.embedder.EclipseLogger - Copying 0 resource
2022-01-02 12:47:52,843 [Worker-7: Building] INFO  o.e.m.c.i.embedder.EclipseLogger - Using 'UTF-8' encoding to copy filtered resources.
2022-01-02 12:47:52,843 [Worker-7: Building] INFO  o.e.m.c.i.embedder.EclipseLogger - Using 'UTF-8' encoding to copy filtered properties files.
2022-01-02 12:47:52,843 [Worker-7: Building] INFO  o.e.m.c.i.embedder.EclipseLogger - Copying 0 resource
2022-01-02 12:49:04,435 [Worker-31: Building] INFO  o.e.m.c.i.embedder.EclipseLogger - Using 'UTF-8' encoding to copy filtered resources.
2022-01-02 12:49:04,435 [Worker-31: Building] INFO  o.e.m.c.i.embedder.EclipseLogger - Using 'UTF-8' encoding to copy filtered properties files.
2022-01-02 12:49:04,436 [Worker-31: Building] INFO  o.e.m.c.i.embedder.EclipseLogger - Copying 1 resource
2022-01-02 12:49:04,444 [Worker-31: Building] INFO  o.e.m.c.i.embedder.EclipseLogger - Copying 0 resource
2022-01-02 12:49:04,445 [Worker-31: Building] INFO  o.e.m.c.i.embedder.EclipseLogger - Using 'UTF-8' encoding to copy filtered resources.
2022-01-02 12:49:04,445 [Worker-31: Building] INFO  o.e.m.c.i.embedder.EclipseLogger - Using 'UTF-8' encoding to copy filtered properties files.
2022-01-02 12:49:04,446 [Worker-31: Building] INFO  o.e.m.c.i.embedder.EclipseLogger - Copying 0 resource
2022-01-02 12:55:30,332 [Worker-27: Building] INFO  o.e.m.c.i.embedder.EclipseLogger - Using 'UTF-8' encoding to copy filtered resources.
2022-01-02 12:55:30,332 [Worker-27: Building] INFO  o.e.m.c.i.embedder.EclipseLogger - Using 'UTF-8' encoding to copy filtered properties files.
2022-01-02 12:55:30,332 [Worker-27: Building] INFO  o.e.m.c.i.embedder.EclipseLogger - Copying 0 resource
2022-01-02 12:55:30,332 [Worker-27: Building] INFO  o.e.m.c.i.embedder.EclipseLogger - Copying 0 resource
2022-01-02 12:55:30,334 [Worker-27: Building] INFO  o.e.m.c.i.embedder.EclipseLogger - Using 'UTF-8' encoding to copy filtered resources.
2022-01-02 12:55:30,334 [Worker-27: Building] INFO  o.e.m.c.i.embedder.EclipseLogger - Using 'UTF-8' encoding to copy filtered properties files.
2022-01-02 12:55:30,334 [Worker-27: Building] INFO  o.e.m.c.i.embedder.EclipseLogger - Copying 0 resource
2022-01-02 12:55:30,368 [Worker-27: Building] INFO  o.e.m.c.i.embedder.EclipseLogger - Using 'UTF-8' encoding to copy filtered resources.
2022-01-02 12:55:30,368 [Worker-27: Building] INFO  o.e.m.c.i.embedder.EclipseLogger - Using 'UTF-8' encoding to copy filtered properties files.
2022-01-02 12:55:30,368 [Worker-27: Building] INFO  o.e.m.c.i.embedder.EclipseLogger - Copying 0 resource
2022-01-02 12:55:30,368 [Worker-27: Building] INFO  o.e.m.c.i.embedder.EclipseLogger - Copying 0 resource
2022-01-02 12:55:30,369 [Worker-27: Building] INFO  o.e.m.c.i.embedder.EclipseLogger - Using 'UTF-8' encoding to copy filtered resources.
2022-01-02 12:55:30,370 [Worker-27: Building] INFO  o.e.m.c.i.embedder.EclipseLogger - Using 'UTF-8' encoding to copy filtered properties files.
2022-01-02 12:55:30,370 [Worker-27: Building] INFO  o.e.m.c.i.embedder.EclipseLogger - Copying 0 resource
2022-01-02 12:55:30,405 [Worker-27: Building] INFO  o.e.m.c.i.embedder.EclipseLogger - Using 'UTF-8' encoding to copy filtered resources.
2022-01-02 12:55:30,405 [Worker-27: Building] INFO  o.e.m.c.i.embedder.EclipseLogger - Using 'UTF-8' encoding to copy filtered properties files.
2022-01-02 12:55:30,405 [Worker-27: Building] INFO  o.e.m.c.i.embedder.EclipseLogger - Copying 0 resource
2022-01-02 12:55:30,405 [Worker-27: Building] INFO  o.e.m.c.i.embedder.EclipseLogger - Copying 0 resource
2022-01-02 12:55:30,406 [Worker-27: Building] INFO  o.e.m.c.i.embedder.EclipseLogger - Using 'UTF-8' encoding to copy filtered resources.
2022-01-02 12:55:30,406 [Worker-27: Building] INFO  o.e.m.c.i.embedder.EclipseLogger - Using 'UTF-8' encoding to copy filtered properties files.
2022-01-02 12:55:30,407 [Worker-27: Building] INFO  o.e.m.c.i.embedder.EclipseLogger - Copying 0 resource
2022-01-02 12:55:30,443 [Worker-27: Building] INFO  o.e.m.c.i.embedder.EclipseLogger - Using 'UTF-8' encoding to copy filtered resources.
2022-01-02 12:55:30,443 [Worker-27: Building] INFO  o.e.m.c.i.embedder.EclipseLogger - Using 'UTF-8' encoding to copy filtered properties files.
2022-01-02 12:55:30,443 [Worker-27: Building] INFO  o.e.m.c.i.embedder.EclipseLogger - Copying 0 resource
2022-01-02 12:55:30,443 [Worker-27: Building] INFO  o.e.m.c.i.embedder.EclipseLogger - Copying 0 resource
2022-01-02 12:55:30,446 [Worker-27: Building] INFO  o.e.m.c.i.embedder.EclipseLogger - Using 'UTF-8' encoding to copy filtered resources.
2022-01-02 12:55:30,446 [Worker-27: Building] INFO  o.e.m.c.i.embedder.EclipseLogger - Using 'UTF-8' encoding to copy filtered properties files.
2022-01-02 12:55:30,446 [Worker-27: Building] INFO  o.e.m.c.i.embedder.EclipseLogger - Copying 0 resource
2022-01-02 12:59:23,843 [Worker-28: Building] INFO  o.e.m.c.i.embedder.EclipseLogger - Using 'UTF-8' encoding to copy filtered resources.
2022-01-02 12:59:23,844 [Worker-28: Building] INFO  o.e.m.c.i.embedder.EclipseLogger - Using 'UTF-8' encoding to copy filtered properties files.
2022-01-02 12:59:23,844 [Worker-28: Building] INFO  o.e.m.c.i.embedder.EclipseLogger - Copying 0 resource
2022-01-02 12:59:23,844 [Worker-28: Building] INFO  o.e.m.c.i.embedder.EclipseLogger - Copying 0 resource
2022-01-02 12:59:23,845 [Worker-28: Building] INFO  o.e.m.c.i.embedder.EclipseLogger - Using 'UTF-8' encoding to copy filtered resources.
2022-01-02 12:59:23,845 [Worker-28: Building] INFO  o.e.m.c.i.embedder.EclipseLogger - Using 'UTF-8' encoding to copy filtered properties files.
2022-01-02 12:59:23,846 [Worker-28: Building] INFO  o.e.m.c.i.embedder.EclipseLogger - Copying 0 resource
2022-01-02 12:59:37,250 [Worker-28: Building] INFO  o.e.m.c.i.embedder.EclipseLogger - Using 'UTF-8' encoding to copy filtered resources.
2022-01-02 12:59:37,250 [Worker-28: Building] INFO  o.e.m.c.i.embedder.EclipseLogger - Using 'UTF-8' encoding to copy filtered properties files.
2022-01-02 12:59:37,250 [Worker-28: Building] INFO  o.e.m.c.i.embedder.EclipseLogger - Copying 0 resource
2022-01-02 12:59:37,251 [Worker-28: Building] INFO  o.e.m.c.i.embedder.EclipseLogger - Copying 0 resource
2022-01-02 12:59:37,291 [Worker-28: Building] INFO  o.e.m.c.i.embedder.EclipseLogger - Using 'UTF-8' encoding to copy filtered resources.
2022-01-02 12:59:37,291 [Worker-28: Building] INFO  o.e.m.c.i.embedder.EclipseLogger - Using 'UTF-8' encoding to copy filtered properties files.
2022-01-02 12:59:37,291 [Worker-28: Building] INFO  o.e.m.c.i.embedder.EclipseLogger - Copying 0 resource
2022-01-02 13:00:27,787 [Worker-36: Building] INFO  o.e.m.c.i.embedder.EclipseLogger - Using 'UTF-8' encoding to copy filtered resources.
2022-01-02 13:00:27,787 [Worker-36: Building] INFO  o.e.m.c.i.embedder.EclipseLogger - Using 'UTF-8' encoding to copy filtered properties files.
2022-01-02 13:00:27,788 [Worker-36: Building] INFO  o.e.m.c.i.embedder.EclipseLogger - Copying 0 resource
2022-01-02 13:00:27,788 [Worker-36: Building] INFO  o.e.m.c.i.embedder.EclipseLogger - Copying 0 resource
2022-01-02 13:00:27,790 [Worker-36: Building] INFO  o.e.m.c.i.embedder.EclipseLogger - Using 'UTF-8' encoding to copy filtered resources.
2022-01-02 13:00:27,790 [Worker-36: Building] INFO  o.e.m.c.i.embedder.EclipseLogger - Using 'UTF-8' encoding to copy filtered properties files.
2022-01-02 13:00:27,790 [Worker-36: Building] INFO  o.e.m.c.i.embedder.EclipseLogger - Copying 0 resource
2022-01-02 13:00:46,067 [Worker-27: Building] INFO  o.e.m.c.i.embedder.EclipseLogger - Using 'UTF-8' encoding to copy filtered resources.
2022-01-02 13:00:46,067 [Worker-27: Building] INFO  o.e.m.c.i.embedder.EclipseLogger - Using 'UTF-8' encoding to copy filtered properties files.
2022-01-02 13:00:46,068 [Worker-27: Building] INFO  o.e.m.c.i.embedder.EclipseLogger - Copying 0 resource
2022-01-02 13:00:46,068 [Worker-27: Building] INFO  o.e.m.c.i.embedder.EclipseLogger - Copying 0 resource
2022-01-02 13:00:46,070 [Worker-27: Building] INFO  o.e.m.c.i.embedder.EclipseLogger - Using 'UTF-8' encoding to copy filtered resources.
2022-01-02 13:00:46,070 [Worker-27: Building] INFO  o.e.m.c.i.embedder.EclipseLogger - Using 'UTF-8' encoding to copy filtered properties files.
2022-01-02 13:00:46,071 [Worker-27: Building] INFO  o.e.m.c.i.embedder.EclipseLogger - Copying 0 resource
2022-01-02 13:00:58,545 [Worker-28: Building] INFO  o.e.m.c.i.embedder.EclipseLogger - Using 'UTF-8' encoding to copy filtered resources.
2022-01-02 13:00:58,546 [Worker-28: Building] INFO  o.e.m.c.i.embedder.EclipseLogger - Using 'UTF-8' encoding to copy filtered properties files.
2022-01-02 13:00:58,546 [Worker-28: Building] INFO  o.e.m.c.i.embedder.EclipseLogger - Copying 0 resource
2022-01-02 13:00:58,546 [Worker-28: Building] INFO  o.e.m.c.i.embedder.EclipseLogger - Copying 0 resource
2022-01-02 13:00:58,548 [Worker-28: Building] INFO  o.e.m.c.i.embedder.EclipseLogger - Using 'UTF-8' encoding to copy filtered resources.
2022-01-02 13:00:58,549 [Worker-28: Building] INFO  o.e.m.c.i.embedder.EclipseLogger - Using 'UTF-8' encoding to copy filtered properties files.
2022-01-02 13:00:58,549 [Worker-28: Building] INFO  o.e.m.c.i.embedder.EclipseLogger - Copying 0 resource
2022-01-02 13:01:02,138 [Worker-28: Building] INFO  o.e.m.c.i.embedder.EclipseLogger - Using 'UTF-8' encoding to copy filtered resources.
2022-01-02 13:01:02,139 [Worker-28: Building] INFO  o.e.m.c.i.embedder.EclipseLogger - Using 'UTF-8' encoding to copy filtered properties files.
2022-01-02 13:01:02,139 [Worker-28: Building] INFO  o.e.m.c.i.embedder.EclipseLogger - Copying 0 resource
2022-01-02 13:01:02,139 [Worker-28: Building] INFO  o.e.m.c.i.embedder.EclipseLogger - Copying 0 resource
2022-01-02 13:01:02,141 [Worker-28: Building] INFO  o.e.m.c.i.embedder.EclipseLogger - Using 'UTF-8' encoding to copy filtered resources.
2022-01-02 13:01:02,141 [Worker-28: Building] INFO  o.e.m.c.i.embedder.EclipseLogger - Using 'UTF-8' encoding to copy filtered properties files.
2022-01-02 13:01:02,141 [Worker-28: Building] INFO  o.e.m.c.i.embedder.EclipseLogger - Copying 0 resource
2022-01-02 13:02:35,008 [Worker-35: Building] INFO  o.e.m.c.i.embedder.EclipseLogger - Using 'UTF-8' encoding to copy filtered resources.
2022-01-02 13:02:35,008 [Worker-35: Building] INFO  o.e.m.c.i.embedder.EclipseLogger - Using 'UTF-8' encoding to copy filtered properties files.
2022-01-02 13:02:35,008 [Worker-35: Building] INFO  o.e.m.c.i.embedder.EclipseLogger - Copying 0 resource
2022-01-02 13:02:35,009 [Worker-35: Building] INFO  o.e.m.c.i.embedder.EclipseLogger - Copying 0 resource
2022-01-02 13:02:35,011 [Worker-35: Building] INFO  o.e.m.c.i.embedder.EclipseLogger - Using 'UTF-8' encoding to copy filtered resources.
2022-01-02 13:02:35,011 [Worker-35: Building] INFO  o.e.m.c.i.embedder.EclipseLogger - Using 'UTF-8' encoding to copy filtered properties files.
2022-01-02 13:02:35,012 [Worker-35: Building] INFO  o.e.m.c.i.embedder.EclipseLogger - Copying 0 resource
2022-01-02 13:03:11,542 [Worker-39: Building] INFO  o.e.m.c.i.embedder.EclipseLogger - Using 'UTF-8' encoding to copy filtered resources.
2022-01-02 13:03:11,542 [Worker-39: Building] INFO  o.e.m.c.i.embedder.EclipseLogger - Using 'UTF-8' encoding to copy filtered properties files.
2022-01-02 13:03:11,543 [Worker-39: Building] INFO  o.e.m.c.i.embedder.EclipseLogger - Copying 0 resource
2022-01-02 13:03:11,543 [Worker-39: Building] INFO  o.e.m.c.i.embedder.EclipseLogger - Copying 0 resource
2022-01-02 13:03:11,544 [Worker-39: Building] INFO  o.e.m.c.i.embedder.EclipseLogger - Using 'UTF-8' encoding to copy filtered resources.
2022-01-02 13:03:11,544 [Worker-39: Building] INFO  o.e.m.c.i.embedder.EclipseLogger - Using 'UTF-8' encoding to copy filtered properties files.
2022-01-02 13:03:11,545 [Worker-39: Building] INFO  o.e.m.c.i.embedder.EclipseLogger - Copying 0 resource
2022-01-02 13:05:30,524 [Worker-38: Building] INFO  o.e.m.c.i.embedder.EclipseLogger - Using 'UTF-8' encoding to copy filtered resources.
2022-01-02 13:05:30,524 [Worker-38: Building] INFO  o.e.m.c.i.embedder.EclipseLogger - Using 'UTF-8' encoding to copy filtered properties files.
2022-01-02 13:05:30,524 [Worker-38: Building] INFO  o.e.m.c.i.embedder.EclipseLogger - Copying 1 resource
2022-01-02 13:05:30,561 [Worker-38: Building] INFO  o.e.m.c.i.embedder.EclipseLogger - Copying 0 resource
2022-01-02 13:05:30,563 [Worker-38: Building] INFO  o.e.m.c.i.embedder.EclipseLogger - Using 'UTF-8' encoding to copy filtered resources.
2022-01-02 13:05:30,563 [Worker-38: Building] INFO  o.e.m.c.i.embedder.EclipseLogger - Using 'UTF-8' encoding to copy filtered properties files.
2022-01-02 13:05:30,564 [Worker-38: Building] INFO  o.e.m.c.i.embedder.EclipseLogger - Copying 0 resource
2022-01-02 13:07:00,900 [Worker-27: Building] INFO  o.e.m.c.i.embedder.EclipseLogger - Using 'UTF-8' encoding to copy filtered resources.
2022-01-02 13:07:00,900 [Worker-27: Building] INFO  o.e.m.c.i.embedder.EclipseLogger - Using 'UTF-8' encoding to copy filtered properties files.
2022-01-02 13:07:00,900 [Worker-27: Building] INFO  o.e.m.c.i.embedder.EclipseLogger - Copying 0 resource
2022-01-02 13:07:00,900 [Worker-27: Building] INFO  o.e.m.c.i.embedder.EclipseLogger - Copying 0 resource
2022-01-02 13:07:00,902 [Worker-27: Building] INFO  o.e.m.c.i.embedder.EclipseLogger - Using 'UTF-8' encoding to copy filtered resources.
2022-01-02 13:07:00,902 [Worker-27: Building] INFO  o.e.m.c.i.embedder.EclipseLogger - Using 'UTF-8' encoding to copy filtered properties files.
2022-01-02 13:07:00,903 [Worker-27: Building] INFO  o.e.m.c.i.embedder.EclipseLogger - Copying 0 resource
2022-01-02 13:07:53,964 [Worker-36: Building] INFO  o.e.m.c.i.embedder.EclipseLogger - Using 'UTF-8' encoding to copy filtered resources.
2022-01-02 13:07:53,964 [Worker-36: Building] INFO  o.e.m.c.i.embedder.EclipseLogger - Using 'UTF-8' encoding to copy filtered properties files.
2022-01-02 13:07:53,986 [Worker-36: Building] INFO  o.e.m.c.i.embedder.EclipseLogger - Copying 0 resource
2022-01-02 13:07:53,986 [Worker-36: Building] INFO  o.e.m.c.i.embedder.EclipseLogger - Copying 0 resource
2022-01-02 13:07:53,988 [Worker-36: Building] INFO  o.e.m.c.i.embedder.EclipseLogger - Using 'UTF-8' encoding to copy filtered resources.
2022-01-02 13:07:53,988 [Worker-36: Building] INFO  o.e.m.c.i.embedder.EclipseLogger - Using 'UTF-8' encoding to copy filtered properties files.
2022-01-02 13:07:53,988 [Worker-36: Building] INFO  o.e.m.c.i.embedder.EclipseLogger - Copying 0 resource
2022-01-04 10:37:14,046 [Worker-157: Building] INFO  o.e.m.c.i.embedder.EclipseLogger - Using 'UTF-8' encoding to copy filtered resources.
2022-01-04 10:37:14,066 [Worker-157: Building] INFO  o.e.m.c.i.embedder.EclipseLogger - Using 'UTF-8' encoding to copy filtered properties files.
2022-01-04 10:37:14,109 [Worker-157: Building] INFO  o.e.m.c.i.embedder.EclipseLogger - Copying 0 resource
2022-01-04 10:37:14,122 [Worker-157: Building] INFO  o.e.m.c.i.embedder.EclipseLogger - Copying 0 resource
2022-01-04 10:37:14,170 [Worker-157: Building] INFO  o.e.m.c.i.embedder.EclipseLogger - Using 'UTF-8' encoding to copy filtered resources.
2022-01-04 10:37:14,170 [Worker-157: Building] INFO  o.e.m.c.i.embedder.EclipseLogger - Using 'UTF-8' encoding to copy filtered properties files.
2022-01-04 10:37:14,171 [Worker-157: Building] INFO  o.e.m.c.i.embedder.EclipseLogger - Copying 0 resource
2022-01-04 10:42:14,580 [Worker-141: Building] INFO  o.e.m.c.i.embedder.EclipseLogger - Using 'UTF-8' encoding to copy filtered resources.
2022-01-04 10:42:14,580 [Worker-141: Building] INFO  o.e.m.c.i.embedder.EclipseLogger - Using 'UTF-8' encoding to copy filtered properties files.
2022-01-04 10:42:14,581 [Worker-141: Building] INFO  o.e.m.c.i.embedder.EclipseLogger - Copying 0 resource
2022-01-04 10:42:14,582 [Worker-141: Building] INFO  o.e.m.c.i.embedder.EclipseLogger - Copying 0 resource
2022-01-04 10:42:14,584 [Worker-141: Building] INFO  o.e.m.c.i.embedder.EclipseLogger - Using 'UTF-8' encoding to copy filtered resources.
2022-01-04 10:42:14,584 [Worker-141: Building] INFO  o.e.m.c.i.embedder.EclipseLogger - Using 'UTF-8' encoding to copy filtered properties files.
2022-01-04 10:42:14,585 [Worker-141: Building] INFO  o.e.m.c.i.embedder.EclipseLogger - Copying 0 resource
2022-01-04 11:05:04,709 [Worker-158: Building] INFO  o.e.m.c.i.embedder.EclipseLogger - Using 'UTF-8' encoding to copy filtered resources.
2022-01-04 11:05:04,709 [Worker-158: Building] INFO  o.e.m.c.i.embedder.EclipseLogger - Using 'UTF-8' encoding to copy filtered properties files.
2022-01-04 11:05:04,710 [Worker-158: Building] INFO  o.e.m.c.i.embedder.EclipseLogger - Copying 0 resource
2022-01-04 11:05:04,711 [Worker-158: Building] INFO  o.e.m.c.i.embedder.EclipseLogger - Copying 0 resource
2022-01-04 11:05:04,713 [Worker-158: Building] INFO  o.e.m.c.i.embedder.EclipseLogger - Using 'UTF-8' encoding to copy filtered resources.
2022-01-04 11:05:04,713 [Worker-158: Building] INFO  o.e.m.c.i.embedder.EclipseLogger - Using 'UTF-8' encoding to copy filtered properties files.
2022-01-04 11:05:04,713 [Worker-158: Building] INFO  o.e.m.c.i.embedder.EclipseLogger - Copying 0 resource
2022-01-04 11:06:02,956 [Worker-156: Building] INFO  o.e.m.c.i.embedder.EclipseLogger - Using 'UTF-8' encoding to copy filtered resources.
2022-01-04 11:06:02,956 [Worker-156: Building] INFO  o.e.m.c.i.embedder.EclipseLogger - Using 'UTF-8' encoding to copy filtered properties files.
2022-01-04 11:06:02,957 [Worker-156: Building] INFO  o.e.m.c.i.embedder.EclipseLogger - Copying 0 resource
2022-01-04 11:06:02,957 [Worker-156: Building] INFO  o.e.m.c.i.embedder.EclipseLogger - Copying 0 resource
2022-01-04 11:06:02,959 [Worker-156: Building] INFO  o.e.m.c.i.embedder.EclipseLogger - Using 'UTF-8' encoding to copy filtered resources.
2022-01-04 11:06:02,959 [Worker-156: Building] INFO  o.e.m.c.i.embedder.EclipseLogger - Using 'UTF-8' encoding to copy filtered properties files.
2022-01-04 11:06:02,959 [Worker-156: Building] INFO  o.e.m.c.i.embedder.EclipseLogger - Copying 0 resource
